2026-03-09 08:49:53 [main] INFO  com.xiaowei.demo.Demo2Application - Starting Demo2Application using Java 17.0.11 with PID 12708 (C:\programming-workspace\demo2\target\classes started by 10052 in C:\programming-workspace\demo2)
2026-03-09 08:49:53 [main] DEBUG com.xiaowei.demo.Demo2Application - Running with Spring Boot v3.5.10-SNAPSHOT, Spring v6.2.15
2026-03-09 08:49:53 [main] INFO  com.xiaowei.demo.Demo2Application - No active profile set, falling back to 1 default profile: "default"
2026-03-09 08:49:55 [main] DEBUG o.m.s.mapper.ClassPathMapperScanner - Identified candidate component class: file [C:\programming-workspace\demo2\target\classes\com\xiaowei\demo\mapper\CartMapper.class]
2026-03-09 08:49:55 [main] DEBUG o.m.s.mapper.ClassPathMapperScanner - Identified candidate component class: file [C:\programming-workspace\demo2\target\classes\com\xiaowei\demo\mapper\CategoryMapper.class]
2026-03-09 08:49:55 [main] DEBUG o.m.s.mapper.ClassPathMapperScanner - Identified candidate component class: file [C:\programming-workspace\demo2\target\classes\com\xiaowei\demo\mapper\GroupActivityMapper.class]
2026-03-09 08:49:55 [main] DEBUG o.m.s.mapper.ClassPathMapperScanner - Identified candidate component class: file [C:\programming-workspace\demo2\target\classes\com\xiaowei\demo\mapper\GroupMemberMapper.class]
2026-03-09 08:49:55 [main] DEBUG o.m.s.mapper.ClassPathMapperScanner - Identified candidate component class: file [C:\programming-workspace\demo2\target\classes\com\xiaowei\demo\mapper\OrderMapper.class]
2026-03-09 08:49:55 [main] DEBUG o.m.s.mapper.ClassPathMapperScanner - Identified candidate component class: file [C:\programming-workspace\demo2\target\classes\com\xiaowei\demo\mapper\ProductMapper.class]
2026-03-09 08:49:55 [main] DEBUG o.m.s.mapper.ClassPathMapperScanner - Identified candidate component class: file [C:\programming-workspace\demo2\target\classes\com\xiaowei\demo\mapper\UserAddressMapper.class]
2026-03-09 08:49:55 [main] DEBUG o.m.s.mapper.ClassPathMapperScanner - Identified candidate component class: file [C:\programming-workspace\demo2\target\classes\com\xiaowei\demo\mapper\UserMapper.class]
2026-03-09 08:49:55 [main] DEBUG o.m.s.mapper.ClassPathMapperScanner - Creating MapperFactoryBean with name 'cartMapper' and 'com.xiaowei.demo.mapper.CartMapper' mapperInterface
2026-03-09 08:49:55 [main] DEBUG o.m.s.mapper.ClassPathMapperScanner - Creating MapperFactoryBean with name 'categoryMapper' and 'com.xiaowei.demo.mapper.CategoryMapper' mapperInterface
2026-03-09 08:49:55 [main] DEBUG o.m.s.mapper.ClassPathMapperScanner - Creating MapperFactoryBean with name 'groupActivityMapper' and 'com.xiaowei.demo.mapper.GroupActivityMapper' mapperInterface
2026-03-09 08:49:55 [main] DEBUG o.m.s.mapper.ClassPathMapperScanner - Creating MapperFactoryBean with name 'groupMemberMapper' and 'com.xiaowei.demo.mapper.GroupMemberMapper' mapperInterface
2026-03-09 08:49:55 [main] DEBUG o.m.s.mapper.ClassPathMapperScanner - Creating MapperFactoryBean with name 'orderMapper' and 'com.xiaowei.demo.mapper.OrderMapper' mapperInterface
2026-03-09 08:49:55 [main] DEBUG o.m.s.mapper.ClassPathMapperScanner - Creating MapperFactoryBean with name 'productMapper' and 'com.xiaowei.demo.mapper.ProductMapper' mapperInterface
2026-03-09 08:49:55 [main] DEBUG o.m.s.mapper.ClassPathMapperScanner - Creating MapperFactoryBean with name 'userAddressMapper' and 'com.xiaowei.demo.mapper.UserAddressMapper' mapperInterface
2026-03-09 08:49:55 [main] DEBUG o.m.s.mapper.ClassPathMapperScanner - Creating MapperFactoryBean with name 'userMapper' and 'com.xiaowei.demo.mapper.UserMapper' mapperInterface
2026-03-09 08:49:56 [main] INFO  o.s.b.w.e.tomcat.TomcatWebServer - Tomcat initialized with port 8080 (http)
2026-03-09 08:49:56 [main] INFO  o.a.catalina.core.StandardService - Starting service [Tomcat]
2026-03-09 08:49:56 [main] INFO  o.a.catalina.core.StandardEngine - Starting Servlet engine: [Apache Tomcat/10.1.50]
2026-03-09 08:49:56 [main] INFO  o.a.c.c.C.[.[localhost].[/api] - Initializing Spring embedded WebApplicationContext
2026-03-09 08:49:56 [main] INFO  o.s.b.w.s.c.ServletWebServerApplicationContext - Root WebApplicationContext: initialization completed in 2712 ms
2026-03-09 08:49:58 [main] DEBUG o.s.w.s.m.m.a.RequestMappingHandlerMapping - 49 mappings in 'requestMappingHandlerMapping'
2026-03-09 08:49:58 [main] DEBUG o.s.w.s.h.SimpleUrlHandlerMapping - Patterns [/webjars/**, /**] in 'resourceHandlerMapping'
2026-03-09 08:49:58 [main] DEBUG o.s.w.s.m.m.a.RequestMappingHandlerAdapter - ControllerAdvice beans: 0 @ModelAttribute, 0 @InitBinder, 1 RequestBodyAdvice, 1 ResponseBodyAdvice
2026-03-09 08:49:58 [main] DEBUG o.s.w.s.m.m.a.ExceptionHandlerExceptionResolver - ControllerAdvice beans: 1 @ExceptionHandler, 1 ResponseBodyAdvice
2026-03-09 08:49:59 [main] INFO  o.s.b.w.e.tomcat.TomcatWebServer - Tomcat started on port 8080 (http) with context path '/api'
2026-03-09 08:49:59 [main] INFO  com.xiaowei.demo.Demo2Application - Started Demo2Application in 6.552 seconds (process running for 9.426)
2026-03-09 08:49:59 [scheduling-1] DEBUG c.xiaowei.demo.config.ScheduleConfig - checkGroupActivityStatus......
2026-03-09 08:54:59 [scheduling-1] DEBUG c.xiaowei.demo.config.ScheduleConfig - checkGroupActivityStatus......
2026-03-09 08:59:59 [scheduling-1] DEBUG c.xiaowei.demo.config.ScheduleConfig - checkGroupActivityStatus......
2026-03-09 09:04:59 [scheduling-1] DEBUG c.xiaowei.demo.config.ScheduleConfig - checkGroupActivityStatus......
2026-03-09 09:09:59 [scheduling-1] DEBUG c.xiaowei.demo.config.ScheduleConfig - checkGroupActivityStatus......
2026-03-09 09:14:59 [scheduling-1] DEBUG c.xiaowei.demo.config.ScheduleConfig - checkGroupActivityStatus......
2026-03-09 09:19:59 [scheduling-1] DEBUG c.xiaowei.demo.config.ScheduleConfig - checkGroupActivityStatus......
2026-03-09 09:24:59 [scheduling-1] DEBUG c.xiaowei.demo.config.ScheduleConfig - checkGroupActivityStatus......
2026-03-09 09:29:59 [scheduling-1] DEBUG c.xiaowei.demo.config.ScheduleConfig - checkGroupActivityStatus......
2026-03-09 09:34:59 [scheduling-1] DEBUG c.xiaowei.demo.config.ScheduleConfig - checkGroupActivityStatus......
2026-03-09 09:39:59 [scheduling-1] DEBUG c.xiaowei.demo.config.ScheduleConfig - checkGroupActivityStatus......
2026-03-09 09:44:59 [scheduling-1] DEBUG c.xiaowei.demo.config.ScheduleConfig - checkGroupActivityStatus......
2026-03-09 09:49:59 [scheduling-1] DEBUG c.xiaowei.demo.config.ScheduleConfig - checkGroupActivityStatus......
2026-03-09 09:54:59 [scheduling-1] DEBUG c.xiaowei.demo.config.ScheduleConfig - checkGroupActivityStatus......
2026-03-09 09:59:59 [scheduling-1] DEBUG c.xiaowei.demo.config.ScheduleConfig - checkGroupActivityStatus......
2026-03-09 10:04:59 [scheduling-1] DEBUG c.xiaowei.demo.config.ScheduleConfig - checkGroupActivityStatus......
2026-03-09 10:09:59 [scheduling-1] DEBUG c.xiaowei.demo.config.ScheduleConfig - checkGroupActivityStatus......
2026-03-09 10:14:59 [scheduling-1] DEBUG c.xiaowei.demo.config.ScheduleConfig - checkGroupActivityStatus......
2026-03-09 10:19:59 [scheduling-1] DEBUG c.xiaowei.demo.config.ScheduleConfig - checkGroupActivityStatus......
2026-03-09 10:24:59 [scheduling-1] DEBUG c.xiaowei.demo.config.ScheduleConfig - checkGroupActivityStatus......
2026-03-09 10:29:59 [scheduling-1] DEBUG c.xiaowei.demo.config.ScheduleConfig - checkGroupActivityStatus......
2026-03-09 10:34:59 [scheduling-1] DEBUG c.xiaowei.demo.config.ScheduleConfig - checkGroupActivityStatus......
2026-03-09 10:39:59 [scheduling-1] DEBUG c.xiaowei.demo.config.ScheduleConfig - checkGroupActivityStatus......
2026-03-09 10:42:59 [SpringApplicationShutdownHook] INFO  o.s.b.w.e.tomcat.GracefulShutdown - Commencing graceful shutdown. Waiting for active requests to complete
2026-03-09 10:42:59 [tomcat-shutdown] INFO  o.s.b.w.e.tomcat.GracefulShutdown - Graceful shutdown complete
2026-03-09 10:43:18 [main] INFO  com.xiaowei.demo.Demo2Application - Starting Demo2Application using Java 17.0.11 with PID 14888 (C:\programming-workspace\demo2\target\classes started by 10052 in C:\programming-workspace\demo2)
2026-03-09 10:43:18 [main] DEBUG com.xiaowei.demo.Demo2Application - Running with Spring Boot v3.5.10-SNAPSHOT, Spring v6.2.15
2026-03-09 10:43:18 [main] INFO  com.xiaowei.demo.Demo2Application - No active profile set, falling back to 1 default profile: "default"
2026-03-09 10:43:19 [main] DEBUG o.m.s.mapper.ClassPathMapperScanner - Identified candidate component class: file [C:\programming-workspace\demo2\target\classes\com\xiaowei\demo\mapper\CartMapper.class]
2026-03-09 10:43:19 [main] DEBUG o.m.s.mapper.ClassPathMapperScanner - Identified candidate component class: file [C:\programming-workspace\demo2\target\classes\com\xiaowei\demo\mapper\CategoryMapper.class]
2026-03-09 10:43:19 [main] DEBUG o.m.s.mapper.ClassPathMapperScanner - Identified candidate component class: file [C:\programming-workspace\demo2\target\classes\com\xiaowei\demo\mapper\GroupActivityMapper.class]
2026-03-09 10:43:19 [main] DEBUG o.m.s.mapper.ClassPathMapperScanner - Identified candidate component class: file [C:\programming-workspace\demo2\target\classes\com\xiaowei\demo\mapper\GroupMemberMapper.class]
2026-03-09 10:43:19 [main] DEBUG o.m.s.mapper.ClassPathMapperScanner - Identified candidate component class: file [C:\programming-workspace\demo2\target\classes\com\xiaowei\demo\mapper\OrderMapper.class]
2026-03-09 10:43:19 [main] DEBUG o.m.s.mapper.ClassPathMapperScanner - Identified candidate component class: file [C:\programming-workspace\demo2\target\classes\com\xiaowei\demo\mapper\ProductMapper.class]
2026-03-09 10:43:19 [main] DEBUG o.m.s.mapper.ClassPathMapperScanner - Identified candidate component class: file [C:\programming-workspace\demo2\target\classes\com\xiaowei\demo\mapper\UserAddressMapper.class]
2026-03-09 10:43:19 [main] DEBUG o.m.s.mapper.ClassPathMapperScanner - Identified candidate component class: file [C:\programming-workspace\demo2\target\classes\com\xiaowei\demo\mapper\UserMapper.class]
2026-03-09 10:43:19 [main] DEBUG o.m.s.mapper.ClassPathMapperScanner - Creating MapperFactoryBean with name 'cartMapper' and 'com.xiaowei.demo.mapper.CartMapper' mapperInterface
2026-03-09 10:43:19 [main] DEBUG o.m.s.mapper.ClassPathMapperScanner - Creating MapperFactoryBean with name 'categoryMapper' and 'com.xiaowei.demo.mapper.CategoryMapper' mapperInterface
2026-03-09 10:43:19 [main] DEBUG o.m.s.mapper.ClassPathMapperScanner - Creating MapperFactoryBean with name 'groupActivityMapper' and 'com.xiaowei.demo.mapper.GroupActivityMapper' mapperInterface
2026-03-09 10:43:19 [main] DEBUG o.m.s.mapper.ClassPathMapperScanner - Creating MapperFactoryBean with name 'groupMemberMapper' and 'com.xiaowei.demo.mapper.GroupMemberMapper' mapperInterface
2026-03-09 10:43:19 [main] DEBUG o.m.s.mapper.ClassPathMapperScanner - Creating MapperFactoryBean with name 'orderMapper' and 'com.xiaowei.demo.mapper.OrderMapper' mapperInterface
2026-03-09 10:43:19 [main] DEBUG o.m.s.mapper.ClassPathMapperScanner - Creating MapperFactoryBean with name 'productMapper' and 'com.xiaowei.demo.mapper.ProductMapper' mapperInterface
2026-03-09 10:43:19 [main] DEBUG o.m.s.mapper.ClassPathMapperScanner - Creating MapperFactoryBean with name 'userAddressMapper' and 'com.xiaowei.demo.mapper.UserAddressMapper' mapperInterface
2026-03-09 10:43:19 [main] DEBUG o.m.s.mapper.ClassPathMapperScanner - Creating MapperFactoryBean with name 'userMapper' and 'com.xiaowei.demo.mapper.UserMapper' mapperInterface
2026-03-09 10:43:20 [main] INFO  o.s.b.w.e.tomcat.TomcatWebServer - Tomcat initialized with port 8080 (http)
2026-03-09 10:43:20 [main] INFO  o.a.catalina.core.StandardService - Starting service [Tomcat]
2026-03-09 10:43:20 [main] INFO  o.a.catalina.core.StandardEngine - Starting Servlet engine: [Apache Tomcat/10.1.50]
2026-03-09 10:43:20 [main] INFO  o.a.c.c.C.[.[localhost].[/api] - Initializing Spring embedded WebApplicationContext
2026-03-09 10:43:20 [main] INFO  o.s.b.w.s.c.ServletWebServerApplicationContext - Root WebApplicationContext: initialization completed in 2187 ms
2026-03-09 10:43:22 [main] DEBUG o.s.w.s.m.m.a.RequestMappingHandlerMapping - 49 mappings in 'requestMappingHandlerMapping'
2026-03-09 10:43:22 [main] DEBUG o.s.w.s.h.SimpleUrlHandlerMapping - Patterns [/webjars/**, /**] in 'resourceHandlerMapping'
2026-03-09 10:43:22 [main] DEBUG o.s.w.s.m.m.a.RequestMappingHandlerAdapter - ControllerAdvice beans: 0 @ModelAttribute, 0 @InitBinder, 1 RequestBodyAdvice, 1 ResponseBodyAdvice
2026-03-09 10:43:23 [main] DEBUG o.s.w.s.m.m.a.ExceptionHandlerExceptionResolver - ControllerAdvice beans: 1 @ExceptionHandler, 1 ResponseBodyAdvice
2026-03-09 10:43:23 [main] INFO  o.s.b.w.e.tomcat.TomcatWebServer - Tomcat started on port 8080 (http) with context path '/api'
2026-03-09 10:43:23 [main] INFO  com.xiaowei.demo.Demo2Application - Started Demo2Application in 5.714 seconds (process running for 11.017)
2026-03-09 10:43:23 [scheduling-1] DEBUG c.xiaowei.demo.config.ScheduleConfig - checkGroupActivityStatus......
2026-03-09 10:48:23 [scheduling-1] DEBUG c.xiaowei.demo.config.ScheduleConfig - checkGroupActivityStatus......
2026-03-09 10:53:23 [scheduling-1] DEBUG c.xiaowei.demo.config.ScheduleConfig - checkGroupActivityStatus......
2026-03-09 10:58:23 [scheduling-1] DEBUG c.xiaowei.demo.config.ScheduleConfig - checkGroupActivityStatus......
2026-03-09 11:03:23 [scheduling-1] DEBUG c.xiaowei.demo.config.ScheduleConfig - checkGroupActivityStatus......
2026-03-09 11:08:23 [scheduling-1] DEBUG c.xiaowei.demo.config.ScheduleConfig - checkGroupActivityStatus......
2026-03-09 11:13:23 [scheduling-1] DEBUG c.xiaowei.demo.config.ScheduleConfig - checkGroupActivityStatus......
2026-03-09 11:18:23 [scheduling-1] DEBUG c.xiaowei.demo.config.ScheduleConfig - checkGroupActivityStatus......
2026-03-09 11:23:23 [scheduling-1] DEBUG c.xiaowei.demo.config.ScheduleConfig - checkGroupActivityStatus......
2026-03-09 11:28:23 [scheduling-1] DEBUG c.xiaowei.demo.config.ScheduleConfig - checkGroupActivityStatus......
2026-03-09 11:33:23 [scheduling-1] DEBUG c.xiaowei.demo.config.ScheduleConfig - checkGroupActivityStatus......
2026-03-09 11:38:23 [scheduling-1] DEBUG c.xiaowei.demo.config.ScheduleConfig - checkGroupActivityStatus......
2026-03-09 11:43:23 [scheduling-1] DEBUG c.xiaowei.demo.config.ScheduleConfig - checkGroupActivityStatus......
2026-03-09 11:46:36 [SpringApplicationShutdownHook] INFO  o.s.b.w.e.tomcat.GracefulShutdown - Commencing graceful shutdown. Waiting for active requests to complete
2026-03-09 11:46:37 [tomcat-shutdown] INFO  o.s.b.w.e.tomcat.GracefulShutdown - Graceful shutdown complete
